Generated at 2016-11-19 20:23:18 +0000
LoadError: cannot load such file -- gitlab
/opt/chef/embedded/lib/ruby/site_ruby/2.3.0/rubygems/core_ext/kernel_require.rb:55:in `require'
/opt/chef/embedded/lib/ruby/site_ruby/2.3.0/rubygems/core_ext/kernel_require.rb:55:in `require'
/home/alan/devel/chef-repo/.chef/local-mode-cache/cache/cookbooks/rxp_pipeline/resources/gitlab.rb:1:in `class_from_file'
/opt/chef/embedded/lib/ruby/gems/2.3.0/gems/chef-12.16.42/lib/chef/mixin/from_file.rb:42:in `class_eval'
/opt/chef/embedded/lib/ruby/gems/2.3.0/gems/chef-12.16.42/lib/chef/mixin/from_file.rb:42:in `class_from_file'
/opt/chef/embedded/lib/ruby/gems/2.3.0/gems/chef-12.16.42/lib/chef/resource/lwrp_base.rb:58:in `build_from_file'
/opt/chef/embedded/lib/ruby/gems/2.3.0/gems/chef-12.16.42/lib/chef/run_context/cookbook_compiler.rb:222:in `load_lwrp_resource'
/opt/chef/embedded/lib/ruby/gems/2.3.0/gems/chef-12.16.42/lib/chef/run_context/cookbook_compiler.rb:207:in `block in load_lwrps_from_cookbook'
/opt/chef/embedded/lib/ruby/gems/2.3.0/gems/chef-12.16.42/lib/chef/run_context/cookbook_compiler.rb:206:in `each'
/opt/chef/embedded/lib/ruby/gems/2.3.0/gems/chef-12.16.42/lib/chef/run_context/cookbook_compiler.rb:206:in `load_lwrps_from_cookbook'
/opt/chef/embedded/lib/ruby/gems/2.3.0/gems/chef-12.16.42/lib/chef/run_context/cookbook_compiler.rb:121:in `block in compile_lwrps'
/opt/chef/embedded/lib/ruby/gems/2.3.0/gems/chef-12.16.42/lib/chef/run_context/cookbook_compiler.rb:120:in `each'
/opt/chef/embedded/lib/ruby/gems/2.3.0/gems/chef-12.16.42/lib/chef/run_context/cookbook_compiler.rb:120:in `compile_lwrps'
/opt/chef/embedded/lib/ruby/gems/2.3.0/gems/chef-12.16.42/lib/chef/run_context/cookbook_compiler.rb:73:in `compile'
/opt/chef/embedded/lib/ruby/gems/2.3.0/gems/chef-12.16.42/lib/chef/run_context.rb:187:in `load'
/opt/chef/embedded/lib/ruby/gems/2.3.0/gems/chef-12.16.42/lib/chef/policy_builder/expand_node_object.rb:97:in `setup_run_context'
/opt/chef/embedded/lib/ruby/gems/2.3.0/gems/chef-12.16.42/lib/chef/client.rb:510:in `setup_run_context'
/opt/chef/embedded/lib/ruby/gems/2.3.0/gems/chef-12.16.42/lib/chef/client.rb:280:in `run'
/opt/chef/embedded/lib/ruby/gems/2.3.0/gems/chef-12.16.42/lib/chef/application.rb:294:in `block in fork_chef_client'
/opt/chef/embedded/lib/ruby/gems/2.3.0/gems/chef-12.16.42/lib/chef/application.rb:282:in `fork'
/opt/chef/embedded/lib/ruby/gems/2.3.0/gems/chef-12.16.42/lib/chef/application.rb:282:in `fork_chef_client'
/opt/chef/embedded/lib/ruby/gems/2.3.0/gems/chef-12.16.42/lib/chef/application.rb:247:in `block in run_chef_client'
/opt/chef/embedded/lib/ruby/gems/2.3.0/gems/chef-12.16.42/lib/chef/local_mode.rb:44:in `with_server_connectivity'
/opt/chef/embedded/lib/ruby/gems/2.3.0/gems/chef-12.16.42/lib/chef/application.rb:235:in `run_chef_client'
/opt/chef/embedded/lib/ruby/gems/2.3.0/gems/chef-12.16.42/lib/chef/application/client.rb:464:in `sleep_then_run_chef_client'
/opt/chef/embedded/lib/ruby/gems/2.3.0/gems/chef-12.16.42/lib/chef/application/client.rb:451:in `block in interval_run_chef_client'
/opt/chef/embedded/lib/ruby/gems/2.3.0/gems/chef-12.16.42/lib/chef/application/client.rb:450:in `loop'
/opt/chef/embedded/lib/ruby/gems/2.3.0/gems/chef-12.16.42/lib/chef/application/client.rb:450:in `interval_run_chef_client'
/opt/chef/embedded/lib/ruby/gems/2.3.0/gems/chef-12.16.42/lib/chef/application/client.rb:434:in `run_application'
/opt/chef/embedded/lib/ruby/gems/2.3.0/gems/chef-12.16.42/lib/chef/application.rb:59:in `run'
/opt/chef/embedded/lib/ruby/gems/2.3.0/gems/chef-12.16.42/bin/chef-client:26:in `<top (required)>'
/usr/bin/chef-client:54:in `load'
/usr/bin/chef-client:54:in `<main>'