Generated at 2016-11-18 19:02:57 +0000
Net::HTTPServerException: 412 "Precondition Failed"
/usr/lib/ruby/2.3.0/net/http/response.rb:120:in `error!'
/usr/lib/ruby/vendor_ruby/chef/http.rb:145:in `request'
/usr/lib/ruby/vendor_ruby/chef/http.rb:126:in `post'
/usr/lib/ruby/vendor_ruby/chef/policy_builder/expand_node_object.rb:182:in `sync_cookbooks'
/usr/lib/ruby/vendor_ruby/chef/policy_builder/expand_node_object.rb:76:in `setup_run_context'
/usr/lib/ruby/vendor_ruby/chef/client.rb:256:in `setup_run_context'
/usr/lib/ruby/vendor_ruby/chef/client.rb:454:in `run'
/usr/lib/ruby/vendor_ruby/chef/application.rb:271:in `block in fork_chef_client'
/usr/lib/ruby/vendor_ruby/chef/application.rb:259:in `fork'
/usr/lib/ruby/vendor_ruby/chef/application.rb:259:in `fork_chef_client'
/usr/lib/ruby/vendor_ruby/chef/application.rb:225:in `block in run_chef_client'
/usr/lib/ruby/vendor_ruby/chef/local_mode.rb:39:in `with_server_connectivity'
/usr/lib/ruby/vendor_ruby/chef/application.rb:213:in `run_chef_client'
/usr/lib/ruby/vendor_ruby/chef/application/client.rb:402:in `block in interval_run_chef_client'
/usr/lib/ruby/vendor_ruby/chef/application/client.rb:392:in `loop'
/usr/lib/ruby/vendor_ruby/chef/application/client.rb:392:in `interval_run_chef_client'
/usr/lib/ruby/vendor_ruby/chef/application/client.rb:382:in `run_application'
/usr/lib/ruby/vendor_ruby/chef/application.rb:60:in `run'
/usr/bin/chef-client:26:in `<main>'